2017-03-01 21:41:19,867 INFO o.j.WebSocket [WebSocketWorker-17] LOGIN: 
2017-03-01 21:41:19,873 INFO o.j.WebSocket [WebSocketWorker-17]     status	startORend       dbid     roomID   clientID     reason
2017-03-01 21:41:19,875 INFO o.j.WebSocket [WebSocketWorker-17] ----------------------------------------------------------------------------
2017-03-01 21:41:19,875 INFO o.j.WebSocket [WebSocketWorker-17]          1	     start       null       null       null       null
2017-03-01 21:41:20,114 INFO o.j.WebSocket [WebSocketWorker-17] NOTREADY: 
2017-03-01 21:41:20,114 INFO o.j.WebSocket [WebSocketWorker-17]     status	startORend       dbid     roomID   clientID     reason
2017-03-01 21:41:20,114 INFO o.j.WebSocket [WebSocketWorker-17] ----------------------------------------------------------------------------
2017-03-01 21:41:20,124 INFO o.j.WebSocket [WebSocketWorker-17]          4	     start       null       null       null          0
LOGIN:  - [WebSocketWorker-17]
    status	startORend       dbid     roomID   clientID     reason - [WebSocketWorker-17]
---------------------------------------------------------------------------- - [WebSocketWorker-17]
         1	     start       null       null       null       null - [WebSocketWorker-17]
NOTREADY:  - [WebSocketWorker-17]
    status	startORend       dbid     roomID   clientID     reason - [WebSocketWorker-17]
---------------------------------------------------------------------------- - [WebSocketWorker-17]
         4	     start       null       null       null          0 - [WebSocketWorker-17]
LOGOUT:  - [WebSocketWorker-17]
    status	startORend       dbid     roomID   clientID     reason - [WebSocketWorker-17]
---------------------------------------------------------------------------- - [WebSocketWorker-17]
         2	       end       3780       null       null       null - [WebSocketWorker-17]
NOTREADY:  - [WebSocketWorker-17]
    status	startORend       dbid     roomID   clientID     reason - [WebSocketWorker-17]
---------------------------------------------------------------------------- - [WebSocketWorker-17]
         4	       end       3781       null       null       null - [WebSocketWorker-17]
READY:  - [WebSocketWorker-17]
    status	startORend       dbid     roomID   clientID     reason - [WebSocketWorker-17]
---------------------------------------------------------------------------- - [WebSocketWorker-17]
         3	       end       null       null       null       null - [WebSocketWorker-17]
RING:  - [WebSocketWorker-17]
    status	startORend       dbid     roomID   clientID     reason - [WebSocketWorker-17]
---------------------------------------------------------------------------- - [WebSocketWorker-17]
         6	       end       null       null       null       null - [WebSocketWorker-17]
LOGIN: 
    status	startORend       dbid     roomID   clientID     reason
----------------------------------------------------------------------------
         1	     start       null       null       null       null
NOTREADY: 
    status	startORend       dbid     roomID   clientID     reason
----------------------------------------------------------------------------
         4	     start       null       null       null          0
NOTREADY: 
    status	startORend       dbid     roomID   clientID     reason
----------------------------------------------------------------------------
         4	       end       null       null       null       null
READY: 
    status	startORend       dbid     roomID   clientID     reason
----------------------------------------------------------------------------
         3	     start       null       null       null       null
READY: 
    status	startORend       dbid     roomID   clientID     reason
----------------------------------------------------------------------------
         3	       end       3784       null       null       null
NOTREADY: 
    status	startORend       dbid     roomID   clientID     reason
----------------------------------------------------------------------------
         4	     start       null       null       null          0
LOGOUT: 
    status	startORend       dbid     roomID   clientID     reason
----------------------------------------------------------------------------
         2	       end       3782       null       null       null
NOTREADY: 
    status	startORend       dbid     roomID   clientID     reason
----------------------------------------------------------------------------
         4	       end       3785       null       null       null
READY: 
    status	startORend       dbid     roomID   clientID     reason
----------------------------------------------------------------------------
         3	       end       null       null       null       null
RING: 
    status	startORend       dbid     roomID   clientID     reason
----------------------------------------------------------------------------
         6	       end       null       null       null       null
